TN:
SF:/Users/petrpotapov/new_projects/typescript-eslint/packages/parser/src/analyze-scope.ts
FN:17,overrideDefine
FN:20,(anonymous_1)
FN:39,(anonymous_2)
FN:47,(anonymous_3)
FN:57,(anonymous_4)
FN:67,(anonymous_5)
FN:77,(anonymous_6)
FN:87,(anonymous_7)
FN:98,(anonymous_8)
FN:112,(anonymous_9)
FN:139,(anonymous_10)
FN:192,(anonymous_11)
FN:231,(anonymous_12)
FN:251,(anonymous_13)
FN:267,(anonymous_14)
FN:278,(anonymous_15)
FN:293,(anonymous_16)
FN:304,(anonymous_17)
FN:327,(anonymous_18)
FN:339,(anonymous_19)
FN:351,(anonymous_20)
FN:363,(anonymous_21)
FN:375,(anonymous_22)
FN:384,(anonymous_23)
FN:412,(anonymous_24)
FN:439,(anonymous_25)
FN:457,(anonymous_26)
FN:466,(anonymous_27)
FN:475,(anonymous_28)
FN:483,(anonymous_29)
FN:499,(anonymous_30)
FN:515,(anonymous_31)
FN:523,(anonymous_32)
FN:531,(anonymous_33)
FN:544,(anonymous_34)
FN:551,(anonymous_35)
FN:558,(anonymous_36)
FN:565,(anonymous_37)
FN:572,(anonymous_38)
FN:579,(anonymous_39)
FN:586,(anonymous_40)
FN:593,(anonymous_41)
FN:600,(anonymous_42)
FN:607,(anonymous_43)
FN:614,(anonymous_44)
FN:621,(anonymous_45)
FN:628,(anonymous_46)
FN:636,(anonymous_47)
FN:644,(anonymous_48)
FN:666,(anonymous_49)
FN:702,(anonymous_50)
FN:724,(anonymous_51)
FN:749,(anonymous_52)
FN:774,(anonymous_53)
FN:784,(anonymous_54)
FN:790,(anonymous_55)
FN:793,(anonymous_56)
FN:801,(anonymous_57)
FN:825,(anonymous_58)
FN:847,(anonymous_59)
FN:857,(anonymous_60)
FN:868,analyzeScope
FNF:62
FNH:62
FNDA:3,overrideDefine
FNDA:4,(anonymous_1)
FNDA:702,(anonymous_2)
FNDA:787,(anonymous_3)
FNDA:58,(anonymous_4)
FNDA:91,(anonymous_5)
FNDA:42,(anonymous_6)
FNDA:20,(anonymous_7)
FNDA:889,(anonymous_8)
FNDA:704,(anonymous_9)
FNDA:333,(anonymous_10)
FNDA:242,(anonymous_11)
FNDA:173,(anonymous_12)
FNDA:199,(anonymous_13)
FNDA:71,(anonymous_14)
FNDA:1100,(anonymous_15)
FNDA:132,(anonymous_16)
FNDA:59,(anonymous_17)
FNDA:13,(anonymous_18)
FNDA:96,(anonymous_19)
FNDA:19,(anonymous_20)
FNDA:48,(anonymous_21)
FNDA:19,(anonymous_22)
FNDA:5,(anonymous_23)
FNDA:17,(anonymous_24)
FNDA:13,(anonymous_25)
FNDA:56,(anonymous_26)
FNDA:12,(anonymous_27)
FNDA:11,(anonymous_28)
FNDA:9,(anonymous_29)
FNDA:18,(anonymous_30)
FNDA:508,(anonymous_31)
FNDA:64,(anonymous_32)
FNDA:39,(anonymous_33)
FNDA:84,(anonymous_34)
FNDA:12,(anonymous_35)
FNDA:188,(anonymous_36)
FNDA:44,(anonymous_37)
FNDA:9,(anonymous_38)
FNDA:21,(anonymous_39)
FNDA:17,(anonymous_40)
FNDA:3,(anonymous_41)
FNDA:12,(anonymous_42)
FNDA:18,(anonymous_43)
FNDA:12,(anonymous_44)
FNDA:3,(anonymous_45)
FNDA:25,(anonymous_46)
FNDA:7,(anonymous_47)
FNDA:50,(anonymous_48)
FNDA:27,(anonymous_49)
FNDA:11,(anonymous_50)
FNDA:18,(anonymous_51)
FNDA:19,(anonymous_52)
FNDA:71,(anonymous_53)
FNDA:15,(anonymous_54)
FNDA:9,(anonymous_55)
FNDA:4,(anonymous_56)
FNDA:4,(anonymous_57)
FNDA:3,(anonymous_58)
FNDA:1464,(anonymous_59)
FNDA:1099,(anonymous_60)
FNDA:889,analyzeScope
DA:1,9
DA:6,9
DA:9,9
DA:10,9
DA:20,3
DA:25,4
DA:29,4
DA:32,4
DA:33,4
DA:44,702
DA:48,787
DA:49,787
DA:50,9
DA:52,787
DA:53,199
DA:58,58
DA:59,58
DA:60,3
DA:62,58
DA:63,5
DA:68,91
DA:69,91
DA:70,3
DA:72,91
DA:73,9
DA:78,42
DA:79,42
DA:80,3
DA:82,42
DA:83,6
DA:88,20
DA:89,20
DA:90,2
DA:102,889
DA:103,889
DA:117,704
DA:118,2
DA:121,702
DA:122,45
DA:123,45
DA:126,702
DA:127,702
DA:129,702
DA:130,657
DA:145,333
DA:146,333
DA:147,333
DA:150,333
DA:151,106
DA:164,106
DA:165,106
DA:166,107
DA:167,107
DA:171,3
DA:172,3
DA:173,3
DA:176,227
DA:177,4
DA:181,333
DA:182,333
DA:185,333
DA:188,333
DA:189,218
DA:193,242
DA:197,236
DA:206,236
DA:213,333
DA:216,333
DA:217,292
DA:219,41
DA:223,333
DA:232,173
DA:234,173
DA:235,173
DA:236,173
DA:237,10
DA:239,173
DA:240,11
DA:242,173
DA:244,173
DA:256,199
DA:257,24
DA:258,24
DA:259,24
DA:260,24
DA:268,71
DA:269,71
DA:270,71
DA:279,1100
DA:281,1100
DA:282,517
DA:285,1100
DA:296,132
DA:297,132
DA:307,59
DA:308,59
DA:310,59
DA:311,59
DA:312,59
DA:313,9
DA:315,59
DA:316,59
DA:317,59
DA:318,59
DA:320,59
DA:328,13
DA:329,13
DA:331,13
DA:340,96
DA:342,96
DA:344,96
DA:352,19
DA:354,19
DA:356,19
DA:364,48
DA:365,48
DA:366,17
DA:376,19
DA:377,19
DA:378,19
DA:381,19
DA:382,19
DA:383,19
DA:384,19
DA:385,19
DA:386,14
DA:401,19
DA:402,19
DA:405,19
DA:408,19
DA:409,17
DA:413,17
DA:419,17
DA:420,17
DA:421,17
DA:423,17
DA:429,19
DA:432,19
DA:442,13
DA:443,13
DA:445,13
DA:446,13
DA:447,13
DA:448,13
DA:449,13
DA:458,56
DA:467,12
DA:476,11
DA:484,9
DA:485,0
DA:487,9
DA:488,9
DA:489,9
DA:492,9
DA:500,18
DA:502,18
DA:503,0
DA:505,18
DA:506,18
DA:507,18
DA:516,508
DA:524,64
DA:532,39
DA:533,39
DA:534,39
DA:535,39
DA:537,0
DA:545,84
DA:552,12
DA:559,188
DA:566,44
DA:573,9
DA:580,21
DA:587,17
DA:594,3
DA:601,12
DA:608,18
DA:615,12
DA:622,3
DA:629,25
DA:637,7
DA:645,50
DA:646,50
DA:648,50
DA:649,6
DA:650,6
DA:651,6
DA:653,44
DA:654,44
DA:656,50
DA:657,50
DA:659,50
DA:667,27
DA:668,27
DA:670,27
DA:671,5
DA:672,5
DA:673,5
DA:675,22
DA:676,22
DA:678,27
DA:679,27
DA:680,27
DA:682,27
DA:703,11
DA:704,11
DA:705,11
DA:707,11
DA:708,11
DA:711,11
DA:712,11
DA:713,18
DA:715,11
DA:725,18
DA:726,18
DA:728,18
DA:732,18
DA:733,12
DA:741,12
DA:750,19
DA:751,19
DA:753,19
DA:754,3
DA:755,3
DA:758,16
DA:759,11
DA:771,16
DA:775,71
DA:776,71
DA:777,71
DA:785,15
DA:786,15
DA:787,15
DA:791,9
DA:794,4
DA:802,4
DA:803,4
DA:804,4
DA:816,4
DA:826,3
DA:827,3
DA:828,3
DA:829,3
DA:831,3
DA:832,3
DA:835,3
DA:836,3
DA:839,3
DA:840,3
DA:848,1464
DA:849,24
DA:858,1099
DA:859,726
DA:861,373
DA:862,373
DA:863,373
DA:868,9
DA:872,889
DA:887,889
DA:888,889
DA:890,889
DA:892,889
LF:262
LH:259
BRDA:29,0,0,4
BRDA:29,0,1,4
BRDA:29,0,2,4
BRDA:32,1,0,4
BRDA:32,1,1,0
BRDA:49,2,0,9
BRDA:49,2,1,778
BRDA:52,3,0,199
BRDA:52,3,1,588
BRDA:59,4,0,3
BRDA:59,4,1,55
BRDA:62,5,0,5
BRDA:62,5,1,53
BRDA:69,6,0,3
BRDA:69,6,1,88
BRDA:72,7,0,9
BRDA:72,7,1,82
BRDA:79,8,0,3
BRDA:79,8,1,39
BRDA:82,9,0,6
BRDA:82,9,1,36
BRDA:89,10,0,2
BRDA:89,10,1,18
BRDA:117,11,0,2
BRDA:117,11,1,702
BRDA:121,12,0,45
BRDA:121,12,1,657
BRDA:129,13,0,657
BRDA:129,13,1,45
BRDA:150,14,0,106
BRDA:150,14,1,227
BRDA:150,15,0,333
BRDA:150,15,1,107
BRDA:167,16,0,3
BRDA:167,16,1,104
BRDA:168,17,0,107
BRDA:168,17,1,107
BRDA:176,18,0,4
BRDA:176,18,1,223
BRDA:176,19,0,227
BRDA:176,19,1,163
BRDA:193,20,0,236
BRDA:193,20,1,6
BRDA:194,21,0,242
BRDA:194,21,1,242
BRDA:216,22,0,292
BRDA:216,22,1,41
BRDA:216,23,0,333
BRDA:216,23,1,333
BRDA:236,24,0,10
BRDA:236,24,1,163
BRDA:239,25,0,11
BRDA:239,25,1,162
BRDA:256,26,0,24
BRDA:256,26,1,175
BRDA:281,27,0,517
BRDA:281,27,1,583
BRDA:312,28,0,9
BRDA:312,28,1,50
BRDA:365,29,0,17
BRDA:365,29,1,31
BRDA:381,30,0,19
BRDA:381,30,1,0
BRDA:383,31,0,19
BRDA:383,31,1,5
BRDA:384,32,0,19
BRDA:384,32,1,5
BRDA:385,33,0,14
BRDA:385,33,1,5
BRDA:420,34,0,17
BRDA:420,34,1,0
BRDA:484,35,0,0
BRDA:484,35,1,9
BRDA:502,36,0,0
BRDA:502,36,1,18
BRDA:532,37,0,39
BRDA:532,37,1,0
BRDA:648,38,0,6
BRDA:648,38,1,44
BRDA:670,39,0,5
BRDA:670,39,1,22
BRDA:707,40,0,11
BRDA:707,40,1,0
BRDA:732,41,0,12
BRDA:732,41,1,6
BRDA:753,42,0,3
BRDA:753,42,1,16
BRDA:758,43,0,11
BRDA:758,43,1,5
BRDA:758,44,0,16
BRDA:758,44,1,16
BRDA:803,45,0,4
BRDA:803,45,1,0
BRDA:803,46,0,4
BRDA:803,46,1,4
BRDA:835,47,0,3
BRDA:835,47,1,0
BRDA:835,48,0,3
BRDA:835,48,1,3
BRDA:848,49,0,24
BRDA:848,49,1,1440
BRDA:858,50,0,726
BRDA:858,50,1,373
BRDA:877,51,0,889
BRDA:877,51,1,79
BRDA:878,52,0,79
BRDA:878,52,1,79
BRDA:882,53,0,889
BRDA:882,53,1,888
BRF:109
BRH:100
end_of_record
TN:
SF:/Users/petrpotapov/new_projects/typescript-eslint/packages/parser/src/parser.ts
FN:29,validateBoolean
FN:47,parse
FN:54,parseForESLint
FN:99,(anonymous_3)
FNF:4
FNH:4
FNDA:3078,validateBoolean
FNDA:1,parse
FNDA:1026,parseForESLint
FNDA:10819,(anonymous_3)
DA:2,9
DA:9,9
DA:10,9
DA:11,9
DA:16,9
DA:33,3078
DA:34,2735
DA:36,343
DA:43,9
DA:45,9
DA:47,9
DA:51,1
DA:54,9
DA:58,1026
DA:59,3
DA:63,1026
DA:64,13
DA:66,1026
DA:67,730
DA:70,1026
DA:71,1026
DA:76,1026
DA:77,10
DA:78,10
DA:79,8
DA:87,1026
DA:91,1026
DA:92,1
DA:95,1026
DA:96,889
DA:98,889
DA:100,10819
DA:103,176
DA:105,13
DA:107,176
DA:113,889
DA:114,889
DA:118,9
LF:38
LH:38
BRDA:31,0,0,1026
BRDA:33,1,0,2735
BRDA:33,1,1,343
BRDA:58,2,0,3
BRDA:58,2,1,1023
BRDA:58,3,0,1026
BRDA:58,3,1,1023
BRDA:63,4,0,13
BRDA:63,4,1,1013
BRDA:63,5,0,1026
BRDA:63,5,1,82
BRDA:66,6,0,730
BRDA:66,6,1,296
BRDA:76,7,0,10
BRDA:76,7,1,1016
BRDA:78,8,0,8
BRDA:78,8,1,2
BRDA:78,9,0,10
BRDA:78,9,1,8
BRDA:91,10,0,1
BRDA:91,10,1,1025
BRDA:102,11,0,176
BRDA:103,12,0,13
BRDA:103,12,1,163
BRF:24
BRH:24
end_of_record
TN:
SF:/Users/petrpotapov/new_projects/typescript-eslint/packages/parser/src/simple-traverse.ts
FN:5,isValidNode
FN:9,getVisitorKeysForNode
FN:25,(anonymous_2)
FN:29,(anonymous_3)
FN:54,simpleTraverse
FNF:5
FNH:5
FNDA:19369,isValidNode
FNDA:10819,getVisitorKeysForNode
FNDA:889,(anonymous_2)
FNDA:19369,(anonymous_3)
FNDA:889,simpleTraverse
DA:2,9
DA:6,19369
DA:13,10819
DA:14,10819
DA:22,889
DA:26,889
DA:30,19369
DA:31,8550
DA:33,10819
DA:35,10819
DA:36,10819
DA:37,1416
DA:40,9403
DA:41,18393
DA:43,18393
DA:44,3316
DA:45,3403
DA:48,15077
DA:54,9
DA:58,889
LF:20
LH:20
BRDA:6,0,0,19369
BRDA:6,0,1,18695
BRDA:6,0,2,10819
BRDA:14,1,0,10819
BRDA:14,1,1,0
BRDA:30,2,0,8550
BRDA:30,2,1,10819
BRDA:36,3,0,1416
BRDA:36,3,1,9403
BRDA:43,4,0,3316
BRDA:43,4,1,15077
BRF:11
BRH:10
end_of_record
TN:
SF:/Users/petrpotapov/new_projects/typescript-eslint/packages/parser/src/visitor-keys.ts
FNF:0
FNH:0
DA:1,10
DA:3,10
LF:2
LH:2
BRF:0
BRH:0
end_of_record
TN:
SF:/Users/petrpotapov/new_projects/typescript-eslint/packages/parser/src/scope/scope-manager.ts
FN:11,(anonymous_0)
FN:16,(anonymous_1)
FN:21,(anonymous_2)
FNF:3
FNH:3
FNDA:889,(anonymous_0)
FNDA:11,(anonymous_1)
FNDA:19,(anonymous_2)
DA:1,9
DA:2,9
DA:7,9
DA:12,889
DA:17,11
DA:24,19
LF:6
LH:6
BRF:0
BRH:0
end_of_record
TN:
SF:/Users/petrpotapov/new_projects/typescript-eslint/packages/parser/src/scope/scopes.ts
FN:6,(anonymous_0)
FN:17,(anonymous_1)
FNF:2
FNH:2
FNDA:11,(anonymous_0)
FNDA:19,(anonymous_1)
DA:1,9
DA:5,9
DA:11,11
DA:16,9
DA:22,19
LF:5
LH:5
BRF:0
BRH:0
end_of_record
